#
# There is insufficient memory for the Java Runtime Environment to continue.
# Native memory allocation (mmap) failed to map 268435456 bytes for G1 virtual space
# Possible reasons:
#   The system is out of physical RAM or swap space
#   The process is running with CompressedOops enabled, and the Java Heap may be blocking the growth of the native heap
# Possible solutions:
#   Reduce memory load on the system
#   Increase physical memory or swap space
#   Check if swap backing store is full
#   Decrease Java heap size (-Xmx/-Xms)
#   Decrease number of Java threads
#   Decrease Java thread stack sizes (-Xss)
#   Set larger code cache with -XX:ReservedCodeCacheSize=
#   JVM is running with Zero Based Compressed Oops mode in which the Java heap is
#     placed in the first 32GB address space. The Java Heap base address is the
#     maximum limit for the native heap growth. Please use -XX:HeapBaseMinAddress
#     to set the Java Heap base and to place the Java Heap above 32GB virtual address.
# This output file may be truncated or incomplete.
#
#  Out of Memory Error (./open/src/hotspot/os/windows/os_windows.cpp:3472), pid=7936, tid=16516
#
# JRE version:  (15.0.1+9) (build )
# Java VM: Java HotSpot(TM) 64-Bit Server VM (15.0.1+9-18, mixed mode, sharing, tiered, compressed oops, g1 gc, windows-amd64)
# No core dump will be written. Minidumps are not enabled by default on client versions of Windows
#

---------------  S U M M A R Y ------------

Command Line: app-card-delivery.jar

Host: AMD Ryzen 5 3500X 6-Core Processor             , 6 cores, 15G,  Windows 10 , 64 bit Build 19041 (10.0.19041.804)
Time: Mon Apr 12 16:25:18 2021 RTZ 3 (зима) elapsed time: 0.009775 seconds (0d 0h 0m 0s)

---------------  T H R E A D  ---------------

Current thread (0x0000027fe93c5910):  JavaThread "Unknown thread" [_thread_in_vm, id=16516, stack(0x0000009f01400000,0x0000009f01500000)]

Stack: [0x0000009f01400000,0x0000009f01500000]
Native frames: (J=compiled Java code, j=interpreted, Vv=VM code, C=native code)
V  [jvm.dll+0x62ae9a]
V  [jvm.dll+0x781389]
V  [jvm.dll+0x782ae3]
V  [jvm.dll+0x783143]
V  [jvm.dll+0x216265]
V  [jvm.dll+0x6281d9]
V  [jvm.dll+0x61cd15]
V  [jvm.dll+0x2d01fd]
V  [jvm.dll+0x2d0062]
V  [jvm.dll+0x2d603c]
V  [jvm.dll+0x325b2a]
V  [jvm.dll+0x3251f4]
V  [jvm.dll+0x2a717a]
V  [jvm.dll+0x2a8318]
V  [jvm.dll+0x75e101]
V  [jvm.dll+0x3343e4]
V  [jvm.dll+0x73e826]
V  [jvm.dll+0x3b7777]
V  [jvm.dll+0x3b9201]
C  [jli.dll+0x52fb]
C  [ucrtbase.dll+0x21bb2]
C  [KERNEL32.DLL+0x17034]
C  [ntdll.dll+0x52651]


---------------  P R O C E S S  ---------------

Threads class SMR info:
_java_thread_list=0x00007ffcb9dc4ff0, length=0, elements={
}

Java Threads: ( => current thread )

Other Threads:
  0x0000027fe9415fa0 GCTaskThread "GC Thread#0" [stack: 0x0000009f01500000,0x0000009f01600000] [id=1280]
  0x0000027fe9428010 ConcurrentGCThread "G1 Main Marker" [stack: 0x0000009f01600000,0x0000009f01700000] [id=15676]
  0x0000027fe94292a0 ConcurrentGCThread "G1 Conc#0" [stack: 0x0000009f01700000,0x0000009f01800000] [id=18968]

[error occurred during error reporting (printing all threads), id 0xc0000005, EXCEPTION_ACCESS_VIOLATION (0xc0000005) at pc=0x00007ffcb95b8047]

VM state: not at safepoint (not fully initialized)

VM Mutex/Monitor currently owned by a thread:  ([mutex/lock_event])
[0x0000027fe93c3200] Heap_lock - owner thread: 0x0000027fe93c5910

Heap address: 0x0000000700c00000, size: 4084 MB, Compressed Oops mode: Zero based, Oop shift amount: 3
CDS archive(s) mapped at: [0x0000000000000000-0x0000000000000000-0x0000000000000000), size 0, SharedBaseAddress: 0x0000000800000000, ArchiveRelocationMode: 0.
Narrow klass base: 0x0000000000000000, Narrow klass shift: 0, Narrow klass range: 0x0

Heap:
 garbage-first heap   total 262144K, used 0K [0x0000000700c00000, 0x0000000800000000)
  region size 2048K, 0 young (0K), 0 survivors (0K)
 Metaspace       used 0K, capacity 0K, committed 0K, reserved 0K
  class space    used 0K, capacity 0K, committed 0K, reserved 0K

Heap Regions: E=young(eden), S=young(survivor), O=old, HS=humongous(starts), HC=humongous(continues), CS=collection set, F=free, OA=open archive, CA=closed archive, TAMS=top-at-mark-start (previous, next)

Card table byte_map: [0x0000027ff1f10000,0x0000027ff2710000] _byte_map_base: 0x0000027fee70a000

Marking Bits (Prev, Next): (CMBitMap*) 0x0000027fe94176a0, (CMBitMap*) 0x0000027fe94176e0
 Prev Bits: [0x0000027ff2f10000, 0x0000027ff6ee0000)
 Next Bits: [0x0000027ff6ee0000, 0x0000027ffaeb0000)

GC Heap History (0 events):
No events

Deoptimization events (0 events):
No events

Classes unloaded (0 events):
No events

Classes redefined (0 events):
No events

Internal exceptions (0 events):
No events

Events (1 events):
Event: 0.005 Loaded shared library C:\Program Files\Java\jdk-15.0.1\bin\java.dll


Dynamic libraries:
0x00007ff633000000 - 0x00007ff63300f000 	C:\Program Files\Java\jdk-15.0.1\bin\java.exe
0x00007ffd012f0000 - 0x00007ffd014e5000 	C:\WINDOWS\SYSTEM32\ntdll.dll
0x00007ffcd1870000 - 0x00007ffcd1883000 	C:\Program Files\AVAST Software\Avast\aswhook.dll
0x00007ffd00480000 - 0x00007ffd0053d000 	C:\WINDOWS\System32\KERNEL32.DLL
0x00007ffcfed10000 - 0x00007ffcfefd9000 	C:\WINDOWS\System32\KERNELBASE.dll
0x00007ffcff1f0000 - 0x00007ffcff2f0000 	C:\WINDOWS\System32\ucrtbase.dll
0x00007ffcf60e0000 - 0x00007ffcf60f9000 	C:\Program Files\Java\jdk-15.0.1\bin\VCRUNTIME140.dll
0x00007ffce97a0000 - 0x00007ffce97b8000 	C:\Program Files\Java\jdk-15.0.1\bin\jli.dll
0x00007ffcff4a0000 - 0x00007ffcff54c000 	C:\WINDOWS\System32\ADVAPI32.dll
0x00007ffcff3f0000 - 0x00007ffcff48e000 	C:\WINDOWS\System32\msvcrt.dll
0x00007ffcff350000 - 0x00007ffcff3ec000 	C:\WINDOWS\System32\sechost.dll
0x00007ffd00540000 - 0x00007ffd0066b000 	C:\WINDOWS\System32\RPCRT4.dll
0x00007ffcff570000 - 0x00007ffcff710000 	C:\WINDOWS\System32\USER32.dll
0x00007ffcfebc0000 - 0x00007ffcfebe2000 	C:\WINDOWS\System32\win32u.dll
0x00007ffce91e0000 - 0x00007ffce947a000 	C:\WINDOWS\WinSxS\amd64_microsoft.windows.common-controls_6595b64144ccf1df_6.0.19041.844_none_ca00b6081b84eb1d\COMCTL32.dll
0x00007ffd00b40000 - 0x00007ffd00b6a000 	C:\WINDOWS\System32\GDI32.dll
0x00007ffcfea60000 - 0x00007ffcfeb6b000 	C:\WINDOWS\System32\gdi32full.dll
0x00007ffcfec70000 - 0x00007ffcfed0d000 	C:\WINDOWS\System32\msvcp_win.dll
0x00007ffcf8fa0000 - 0x00007ffcf8faa000 	C:\WINDOWS\SYSTEM32\VERSION.dll
0x00007ffd00450000 - 0x00007ffd00480000 	C:\WINDOWS\System32\IMM32.DLL
0x00007ffcf9d20000 - 0x00007ffcf9d2c000 	C:\Program Files\Java\jdk-15.0.1\bin\vcruntime140_1.dll
0x00007ffcd0a10000 - 0x00007ffcd0aa1000 	C:\Program Files\Java\jdk-15.0.1\bin\msvcp140.dll
0x00007ffcb9300000 - 0x00007ffcb9e5e000 	C:\Program Files\Java\jdk-15.0.1\bin\server\jvm.dll
0x00007ffcff490000 - 0x00007ffcff498000 	C:\WINDOWS\System32\PSAPI.DLL
0x00007ffcdfef0000 - 0x00007ffcdfef9000 	C:\WINDOWS\SYSTEM32\WSOCK32.dll
0x00007ffcffa50000 - 0x00007ffcffabb000 	C:\WINDOWS\System32\WS2_32.dll
0x00007ffcec410000 - 0x00007ffcec437000 	C:\WINDOWS\SYSTEM32\WINMM.dll
0x00007ffcfc970000 - 0x00007ffcfc982000 	C:\WINDOWS\SYSTEM32\kernel.appcore.dll
0x00007ffcf9d00000 - 0x00007ffcf9d0a000 	C:\Program Files\Java\jdk-15.0.1\bin\jimage.dll
0x00007ffcf6160000 - 0x00007ffcf6344000 	C:\WINDOWS\SYSTEM32\DBGHELP.DLL
0x00007ffcf51f0000 - 0x00007ffcf521c000 	C:\WINDOWS\SYSTEM32\dbgcore.DLL
0x00007ffcfebf0000 - 0x00007ffcfec70000 	C:\WINDOWS\System32\bcryptPrimitives.dll
0x00007ffcd7960000 - 0x00007ffcd7985000 	C:\Program Files\Java\jdk-15.0.1\bin\java.dll

dbghelp: loaded successfully - version: 4.0.5 - missing functions: none
symbol engine: initialized successfully - sym options: 0x614 - pdb path: .;C:\Program Files\Java\jdk-15.0.1\bin;C:\WINDOWS\SYSTEM32;C:\Program Files\AVAST Software\Avast;C:\WINDOWS\WinSxS\amd64_microsoft.windows.common-controls_6595b64144ccf1df_6.0.19041.844_none_ca00b6081b84eb1d;C:\Program Files\Java\jdk-15.0.1\bin\server

VM Arguments:
java_command: app-card-delivery.jar
java_class_path (initial): app-card-delivery.jar
Launcher Type: SUN_STANDARD

[Global flags]
     intx CICompilerCount                          = 3                                         {product} {ergonomic}
     uint ConcGCThreads                            = 2                                         {product} {ergonomic}
     uint G1ConcRefinementThreads                  = 6                                         {product} {ergonomic}
   size_t G1HeapRegionSize                         = 2097152                                   {product} {ergonomic}
    uintx GCDrainStackTargetSize                   = 64                                        {product} {ergonomic}
   size_t InitialHeapSize                          = 268435456                                 {product} {ergonomic}
   size_t MarkStackSize                            = 4194304                                   {product} {ergonomic}
   size_t MaxHeapSize                              = 4282384384                                {product} {ergonomic}
   size_t MinHeapDeltaBytes                        = 2097152                                   {product} {ergonomic}
   size_t MinHeapSize                              = 8388608                                   {product} {ergonomic}
    uintx NonNMethodCodeHeapSize                   = 5832780                                {pd product} {ergonomic}
    uintx NonProfiledCodeHeapSize                  = 122912730                              {pd product} {ergonomic}
    uintx ProfiledCodeHeapSize                     = 122912730                              {pd product} {ergonomic}
    uintx ReservedCodeCacheSize                    = 251658240                              {pd product} {ergonomic}
     bool SegmentedCodeCache                       = true                                      {product} {ergonomic}
   size_t SoftMaxHeapSize                          = 4282384384                             {manageable} {ergonomic}
     bool UseCompressedClassPointers               = true                                 {lp64_product} {ergonomic}
     bool UseCompressedOops                        = true                                 {lp64_product} {ergonomic}
     bool UseG1GC                                  = true                                      {product} {ergonomic}
     bool UseLargePagesIndividualAllocation        = false                                  {pd product} {ergonomic}

Logging:
Log output configuration:
 #0: stdout all=warning uptime,level,tags
 #1: stderr all=off uptime,level,tags

Environment Variables:
JAVA_HOME=D:\Soft\IntelliJ IDEA Community Edition 2020.3\java11
PATH=C:\Program Files\Common Files\Oracle\Java\javapath;C:\Program Files (x86)\Common Files\Oracle\Java\javapath;C:\Program Files\Common Files\Oracle\Java\javapath;C:\Windows\system32;C:\Windows;C:\Windows\System32\Wbem;C:\Windows\System32\WindowsPowerShell\v1.0\;C:\Program Files (x86)\NVIDIA Corporation\PhysX\Common;C:\WINDOWS\system32;C:\WINDOWS;C:\WINDOWS\System32\Wbem;C:\WINDOWS\System32\WindowsPowerShell\v1.0\;C:\WINDOWS\System32\OpenSSH\;C:\Program Files\NVIDIA Corporation\NVIDIA NvDLISR;C:\WINDOWS\system32;C:\WINDOWS;C:\WINDOWS\System32\Wbem;C:\WINDOWS\System32\WindowsPowerShell\v1.0\;C:\WINDOWS\System32\OpenSSH\;D:\Development\Git\cmd;C:\Program Files\Docker\Docker\resources\bin;C:\Program Files\Docker\Docker\resources;C:\ProgramData\DockerDesktop\version-bin;C:\Users\Warlokk\AppData\Local\Microsoft\WindowsApps;;D:\Soft\Microsoft VS Code\bin;D:\Soft\IntelliJ IDEA Community Edition 2020.3\bin;
USERNAME=Warlokk
OS=Windows_NT
PROCESSOR_IDENTIFIER=AMD64 Family 23 Model 113 Stepping 0, AuthenticAMD



---------------  S Y S T E M  ---------------

OS:
 Windows 10 , 64 bit Build 19041 (10.0.19041.804)
OS uptime: 0 days 7:21 hours
HyperV virtualization detected

CPU: total 6 (initial active 6) (6 cores per cpu, 1 threads per core) family 23 model 113 stepping 0 microcode 0x0, cmov, cx8, fxsr, mmx, sse, sse2, sse3, ssse3, sse4.1, sse4.2, popcnt, vzeroupper, avx, avx2, aes, clmul, 3dnowpref, lzcnt, sse4a, tsc, tscinvbit, tscinv, bmi1, bmi2, adx, sha, fma, clflush, clflushopt

Memory: 4k page, system-wide physical 16330M (3495M free)
TotalPageFile size 19267M (AvailPageFile size 256M)
current process WorkingSet (physical memory assigned to process): 10M, peak: 10M
current process commit charge ("private bytes"): 56M, peak: 312M

vm_info: Java HotSpot(TM) 64-Bit Server VM (15.0.1+9-18) for windows-amd64 JRE (15.0.1+9-18), built on Sep 15 2020 14:43:54 by "mach5one" with unknown MS VC++:1925

END.
